================================================================================
RAPPORT D'EX√âCUTION DES TESTS - VOLUMES FINIS 1D
================================================================================
Date: 2025-06-20 21:22:04
Temps d'ex√©cution: 1.89 secondes
Code de retour: 1

SORTIE STANDARD:
----------------------------------------
[1m============================= test session starts =============================[0m
platform win32 -- Python 3.12.5, pytest-8.3.4, pluggy-1.5.0
rootdir: C:\Users\donfa\OneDrive\Desktop\TP ANAL NUM\Resolution-VF-1D\TESTS
plugins: anyio-4.9.0
collected 38 items

test_vf_1d_pytest.py [31mF[0m[31mF[0m[31mF[0m[31mF[0m[31mF[0m[31mF[0m[31mF[0m[31mF[0m[31mF[0m[32m.[0m[32m.[0m[31mF[0m[31mF[0m[31mF[0m[31mF[0m[31mF[0m[31mF[0m[31mF[0m[31mF[0m[31mF[0m[32m.[0m[31mF[0m[31mF[0m[31mF[0m[31mF[0m[31mF[0m[32m.[0m[32m.[0m[32m.[0m[31mF[0m[31mF[0m[31mF[0m[31mF[0m[31mF[0m[31mF[0m[31mF[0m[31mF[0m[32m.[0m[31m              [100%][0m

================================== FAILURES ===================================
[31m[1m________ TestVolumesFinis1DCorrige.test_base_fonction_sinusoidale[10] _________[0m
[1m[31mtest_vf_1d_pytest.py[0m:71: in test_base_fonction_sinusoidale
    [0m[94massert[39;49;00m erreur <= tolerance, [33mf[39;49;00m[33m"[39;49;00m[33mN=[39;49;00m[33m{[39;49;00mN[33m}[39;49;00m[33m: [39;49;00m[33m{[39;49;00merreur[33m:[39;49;00m[33m.2e[39;49;00m[33m}[39;49;00m[33m > [39;49;00m[33m{[39;49;00mtolerance[33m:[39;49;00m[33m.2e[39;49;00m[33m}[39;49;00m[33m"[39;49;00m[90m[39;49;00m
[1m[31mE   AssertionError: N=10: 1.66e-01 > 1.62e-01[0m
[1m[31mE   assert 0.16589111708937876 <= 0.16234848505667074[0m
[31m[1m________ TestVolumesFinis1DCorrige.test_base_fonction_sinusoidale[20] _________[0m
[1m[31mtest_vf_1d_pytest.py[0m:71: in test_base_fonction_sinusoidale
    [0m[94massert[39;49;00m erreur <= tolerance, [33mf[39;49;00m[33m"[39;49;00m[33mN=[39;49;00m[33m{[39;49;00mN[33m}[39;49;00m[33m: [39;49;00m[33m{[39;49;00merreur[33m:[39;49;00m[33m.2e[39;49;00m[33m}[39;49;00m[33m > [39;49;00m[33m{[39;49;00mtolerance[33m:[39;49;00m[33m.2e[39;49;00m[33m}[39;49;00m[33m"[39;49;00m[90m[39;49;00m
[1m[31mE   AssertionError: N=20: 8.07e-02 > 4.06e-02[0m
[1m[31mE   assert 0.08067298045759663 <= 0.040587121264167685[0m
[31m[1m________ TestVolumesFinis1DCorrige.test_base_fonction_sinusoidale[40] _________[0m
[1m[31mtest_vf_1d_pytest.py[0m:71: in test_base_fonction_sinusoidale
    [0m[94massert[39;49;00m erreur <= tolerance, [33mf[39;49;00m[33m"[39;49;00m[33mN=[39;49;00m[33m{[39;49;00mN[33m}[39;49;00m[33m: [39;49;00m[33m{[39;49;00merreur[33m:[39;49;00m[33m.2e[39;49;00m[33m}[39;49;00m[33m > [39;49;00m[33m{[39;49;00mtolerance[33m:[39;49;00m[33m.2e[39;49;00m[33m}[39;49;00m[33m"[39;49;00m[90m[39;49;00m
[1m[31mE   AssertionError: N=40: 3.98e-02 > 1.01e-02[0m
[1m[31mE   assert 0.03979380722331449 <= 0.010146780316041921[0m
[31m[1m________ TestVolumesFinis1DCorrige.test_base_fonction_sinusoidale[80] _________[0m
[1m[31mtest_vf_1d_pytest.py[0m:71: in test_base_fonction_sinusoidale
    [0m[94massert[39;49;00m erreur <= tolerance, [33mf[39;49;00m[33m"[39;49;00m[33mN=[39;49;00m[33m{[39;49;00mN[33m}[39;49;00m[33m: [39;49;00m[33m{[39;49;00merreur[33m:[39;49;00m[33m.2e[39;49;00m[33m}[39;49;00m[33m > [39;49;00m[33m{[39;49;00mtolerance[33m:[39;49;00m[33m.2e[39;49;00m[33m}[39;49;00m[33m"[39;49;00m[90m[39;49;00m
[1m[31mE   AssertionError: N=80: 1.98e-02 > 2.54e-03[0m
[1m[31mE   assert 0.01976471140032432 <= 0.0025366950790104803[0m
[31m[1m__________ TestVolumesFinis1DCorrige.test_base_fonction_cubique[15] ___________[0m
[1m[31mtest_vf_1d_pytest.py[0m:88: in test_base_fonction_cubique
    [0m[94massert[39;49;00m erreur <= tolerance, [33mf[39;49;00m[33m"[39;49;00m[33mN=[39;49;00m[33m{[39;49;00mN[33m}[39;49;00m[33m: [39;49;00m[33m{[39;49;00merreur[33m:[39;49;00m[33m.2e[39;49;00m[33m}[39;49;00m[33m > [39;49;00m[33m{[39;49;00mtolerance[33m:[39;49;00m[33m.2e[39;49;00m[33m}[39;49;00m[33m"[39;49;00m[90m[39;49;00m
[1m[31mE   AssertionError: N=15: 9.69e-02 > 7.41e-04[0m
[1m[31mE   assert 0.09690740740740744 <= 0.0007407407407407407[0m
[31m[1m__________ TestVolumesFinis1DCorrige.test_base_fonction_cubique[30] ___________[0m
[1m[31mtest_vf_1d_pytest.py[0m:88: in test_base_fonction_cubique
    [0m[94massert[39;49;00m erreur <= tolerance, [33mf[39;49;00m[33m"[39;49;00m[33mN=[39;49;00m[33m{[39;49;00mN[33m}[39;49;00m[33m: [39;49;00m[33m{[39;49;00merreur[33m:[39;49;00m[33m.2e[39;49;00m[33m}[39;49;00m[33m > [39;49;00m[33m{[39;49;00mtolerance[33m:[39;49;00m[33m.2e[39;49;00m[33m}[39;49;00m[33m"[39;49;00m[90m[39;49;00m
[1m[31mE   AssertionError: N=30: 4.92e-02 > 1.85e-04[0m
[1m[31mE   assert 0.04919787933094388 <= 0.00018518518518518518[0m
[31m[1m__________ TestVolumesFinis1DCorrige.test_base_fonction_cubique[60] ___________[0m
[1m[31mtest_vf_1d_pytest.py[0m:88: in test_base_fonction_cubique
    [0m[94massert[39;49;00m erreur <= tolerance, [33mf[39;49;00m[33m"[39;49;00m[33mN=[39;49;00m[33m{[39;49;00mN[33m}[39;49;00m[33m: [39;49;00m[33m{[39;49;00merreur[33m:[39;49;00m[33m.2e[39;49;00m[33m}[39;49;00m[33m > [39;49;00m[33m{[39;49;00mtolerance[33m:[39;49;00m[33m.2e[39;49;00m[33m}[39;49;00m[33m"[39;49;00m[90m[39;49;00m
[1m[31mE   AssertionError: N=60: 2.48e-02 > 4.63e-05[0m
[1m[31mE   assert 0.02479564169702475 <= 4.6296296296296294e-05[0m
[31m[1m__________ TestVolumesFinis1DCorrige.test_base_fonction_cubique[120] __________[0m
[1m[31mtest_vf_1d_pytest.py[0m:88: in test_base_fonction_cubique
    [0m[94massert[39;49;00m erreur <= tolerance, [33mf[39;49;00m[33m"[39;49;00m[33mN=[39;49;00m[33m{[39;49;00mN[33m}[39;49;00m[33m: [39;49;00m[33m{[39;49;00merreur[33m:[39;49;00m[33m.2e[39;49;00m[33m}[39;49;00m[33m > [39;49;00m[33m{[39;49;00mtolerance[33m:[39;49;00m[33m.2e[39;49;00m[33m}[39;49;00m[33m"[39;49;00m[90m[39;49;00m
[1m[31mE   AssertionError: N=120: 1.24e-02 > 1.16e-05[0m
[1m[31mE   assert 0.012448418249732418 <= 1.1574074074074073e-05[0m
[31m[1m__________ TestVolumesFinis1DCorrige.test_base_fonction_quadratique ___________[0m
[1m[31mtest_vf_1d_pytest.py[0m:104: in test_base_fonction_quadratique
    [0m[94massert[39;49;00m erreur <= [96mself[39;49;00m.tol_machine, [33mf[39;49;00m[33m"[39;49;00m[33mx¬≤ mal r√©solu: [39;49;00m[33m{[39;49;00merreur[33m:[39;49;00m[33m.2e[39;49;00m[33m}[39;49;00m[33m"[39;49;00m[90m[39;49;00m
[1m[31mE   AssertionError: x¬≤ mal r√©solu: 1.97e-02[0m
[1m[31mE   assert 0.019707843137254932 <= 1e-14[0m
[1m[31mE    +  where 1e-14 = <test_vf_1d_pytest.TestVolumesFinis1DCorrige object at 0x00000184D51E25D0>.tol_machine[0m
[31m[1m________ TestVolumesFinis1DCorrige.test_limite_maillages_grossiers[10] ________[0m
[1m[31mtest_vf_1d_pytest.py[0m:145: in test_limite_maillages_grossiers
    [0m[94massert[39;49;00m erreur <= tolerance, [33mf[39;49;00m[33m"[39;49;00m[33mN=[39;49;00m[33m{[39;49;00mN[33m}[39;49;00m[33m instable: [39;49;00m[33m{[39;49;00merreur[33m:[39;49;00m[33m.2e[39;49;00m[33m}[39;49;00m[33m"[39;49;00m[90m[39;49;00m
[1m[31mE   AssertionError: N=10 instable: 1.66e-01[0m
[1m[31mE   assert 0.16589111708937876 <= 0.16234848505667074[0m
[31m[1m________ TestVolumesFinis1DCorrige.test_limite_maillages_grossiers[20] ________[0m
[1m[31mtest_vf_1d_pytest.py[0m:145: in test_limite_maillages_grossiers
    [0m[94massert[39;49;00m erreur <= tolerance, [33mf[39;49;00m[33m"[39;49;00m[33mN=[39;49;00m[33m{[39;49;00mN[33m}[39;49;00m[33m instable: [39;49;00m[33m{[39;49;00merreur[33m:[39;49;00m[33m.2e[39;49;00m[33m}[39;49;00m[33m"[39;49;00m[90m[39;49;00m
[1m[31mE   AssertionError: N=20 instable: 8.07e-02[0m
[1m[31mE   assert 0.08067298045759663 <= 0.040587121264167685[0m
[31m[1m___________ TestVolumesFinis1DCorrige.test_limite_maillage_tres_fin ___________[0m
[1m[31mtest_vf_1d_pytest.py[0m:163: in test_limite_maillage_tres_fin
    [0m[94massert[39;49;00m erreur <= tolerance, [33mf[39;49;00m[33m"[39;49;00m[33mN=500 instable: [39;49;00m[33m{[39;49;00merreur[33m:[39;49;00m[33m.2e[39;49;00m[33m}[39;49;00m[33m"[39;49;00m[90m[39;49;00m
[1m[31mE   AssertionError: N=500 instable: 3.14e-03[0m
[1m[31mE   assert 0.00314488767976584 <= 3.246969701133414e-05[0m
[31m[1m________________ TestVolumesFinis1DCorrige.test_fonction_nulle ________________[0m
[1m[31mtest_vf_1d_pytest.py[0m:185: in test_fonction_nulle
    [0m[94massert[39;49;00m erreur <= tolerance, [33mf[39;49;00m[33m"[39;49;00m[33mFonction nulle: [39;49;00m[33m{[39;49;00merreur[33m:[39;49;00m[33m.2e[39;49;00m[33m}[39;49;00m[33m"[39;49;00m[90m[39;49;00m
[1m[31mE   AssertionError: Fonction nulle: 4.52e-02[0m
[1m[31mE   assert 0.04523809523809641 <= 3e-14[0m
[31m[1m______________ TestVolumesFinis1DCorrige.test_fonction_constante ______________[0m
[1m[31mtest_vf_1d_pytest.py[0m:204: in test_fonction_constante
    [0m[94massert[39;49;00m erreur <= tolerance, [33mf[39;49;00m[33m"[39;49;00m[33mFonction constante: [39;49;00m[33m{[39;49;00merreur[33m:[39;49;00m[33m.2e[39;49;00m[33m}[39;49;00m[33m"[39;49;00m[90m[39;49;00m
[1m[31mE   AssertionError: Fonction constante: 2.53e-02[0m
[1m[31mE   assert 0.025312499999999908 <= 0.00010416666666666669[0m
[31m[1m__________ TestVolumesFinis1DCorrige.test_fonction_lineaire_corrigee __________[0m
[1m[31mtest_vf_1d_pytest.py[0m:224: in test_fonction_lineaire_corrigee
    [0m[94massert[39;49;00m erreur <= tolerance, [33mf[39;49;00m[33m"[39;49;00m[33mFonction lin√©aire: [39;49;00m[33m{[39;49;00merreur[33m:[39;49;00m[33m.2e[39;49;00m[33m}[39;49;00m[33m"[39;49;00m[90m[39;49;00m
[1m[31mE   AssertionError: Fonction lin√©aire: 5.06e-02[0m
[1m[31mE   assert 0.05055092592592557 <= 0.00018518518518518518[0m
[31m[1m____________ TestVolumesFinis1DCorrige.test_fonction_oscillante[2] ____________[0m
[1m[31mtest_vf_1d_pytest.py[0m:243: in test_fonction_oscillante
    [0m[94massert[39;49;00m erreur <= tolerance, [33mf[39;49;00m[33m"[39;49;00m[33mFreq [39;49;00m[33m{[39;49;00mfreq[33m}[39;49;00m[33m: [39;49;00m[33m{[39;49;00merreur[33m:[39;49;00m[33m.2e[39;49;00m[33m}[39;49;00m[33m"[39;49;00m[90m[39;49;00m
[1m[31mE   AssertionError: Freq 2: 5.07e-02[0m
[1m[31mE   assert 0.05071416141703256 <= 0.018038720561852302[0m
[31m[1m____________ TestVolumesFinis1DCorrige.test_fonction_oscillante[3] ____________[0m
[1m[31mtest_vf_1d_pytest.py[0m:243: in test_fonction_oscillante
    [0m[94massert[39;49;00m erreur <= tolerance, [33mf[39;49;00m[33m"[39;49;00m[33mFreq [39;49;00m[33m{[39;49;00mfreq[33m}[39;49;00m[33m: [39;49;00m[33m{[39;49;00merreur[33m:[39;49;00m[33m.2e[39;49;00m[33m}[39;49;00m[33m"[39;49;00m[90m[39;49;00m
[1m[31mE   AssertionError: Freq 3: 8.07e-02[0m
[1m[31mE   assert 0.08067298045759685 <= 0.04058712126416767[0m
[31m[1m____________ TestVolumesFinis1DCorrige.test_fonction_oscillante[4] ____________[0m
[1m[31mtest_vf_1d_pytest.py[0m:243: in test_fonction_oscillante
    [0m[94massert[39;49;00m erreur <= tolerance, [33mf[39;49;00m[33m"[39;49;00m[33mFreq [39;49;00m[33m{[39;49;00mfreq[33m}[39;49;00m[33m: [39;49;00m[33m{[39;49;00merreur[33m:[39;49;00m[33m.2e[39;49;00m[33m}[39;49;00m[33m"[39;49;00m[90m[39;49;00m
[1m[31mE   AssertionError: Freq 4: 1.02e-01[0m
[1m[31mE   assert 0.10185461288541081 <= 0.07215488224740921[0m
[31m[1m_____ TestVolumesFinis1DCorrige.test_conditions_limites_variees[1.0-2.0] ______[0m
[1m[31mtest_vf_1d_pytest.py[0m:272: in test_conditions_limites_variees
    [0m[94massert[39;49;00m erreur <= tolerance, [33mf[39;49;00m[33m"[39;49;00m[33mu0=[39;49;00m[33m{[39;49;00mu0[33m}[39;49;00m[33m, u1=[39;49;00m[33m{[39;49;00mu1[33m}[39;49;00m[33m: [39;49;00m[33m{[39;49;00merreur[33m:[39;49;00m[33m.2e[39;49;00m[33m}[39;49;00m[33m"[39;49;00m[90m[39;49;00m
[1m[31mE   AssertionError: u0=1.0, u1=2.0: 1.85e-02[0m
[1m[31mE   assert 0.018461538461538973 <= 2e-14[0m
[31m[1m____ TestVolumesFinis1DCorrige.test_conditions_limites_variees[-5.0--10.0] ____[0m
[1m[31mtest_vf_1d_pytest.py[0m:272: in test_conditions_limites_variees
    [0m[94massert[39;49;00m erreur <= tolerance, [33mf[39;49;00m[33m"[39;49;00m[33mu0=[39;49;00m[33m{[39;49;00mu0[33m}[39;49;00m[33m, u1=[39;49;00m[33m{[39;49;00mu1[33m}[39;49;00m[33m: [39;49;00m[33m{[39;49;00merreur[33m:[39;49;00m[33m.2e[39;49;00m[33m}[39;49;00m[33m"[39;49;00m[90m[39;49;00m
[1m[31mE   AssertionError: u0=-5.0, u1=-10.0: 9.23e-02[0m
[1m[31mE   assert 0.09230769230769553 <= 1e-13[0m
[31m[1m__ TestVolumesFinis1DCorrige.test_conditions_limites_variees[1000.0-2000.0] ___[0m
[1m[31mtest_vf_1d_pytest.py[0m:272: in test_conditions_limites_variees
    [0m[94massert[39;49;00m erreur <= tolerance, [33mf[39;49;00m[33m"[39;49;00m[33mu0=[39;49;00m[33m{[39;49;00mu0[33m}[39;49;00m[33m, u1=[39;49;00m[33m{[39;49;00mu1[33m}[39;49;00m[33m: [39;49;00m[33m{[39;49;00merreur[33m:[39;49;00m[33m.2e[39;49;00m[33m}[39;49;00m[33m"[39;49;00m[90m[39;49;00m
[1m[31mE   AssertionError: u0=1000.0, u1=2000.0: 1.85e+01[0m
[1m[31mE   assert 18.46153846153902 <= 2e-11[0m
[31m[1m___ TestVolumesFinis1DCorrige.test_conditions_limites_variees[-1e-06-1e-06] ___[0m
[1m[31mtest_vf_1d_pytest.py[0m:272: in test_conditions_limites_variees
    [0m[94massert[39;49;00m erreur <= tolerance, [33mf[39;49;00m[33m"[39;49;00m[33mu0=[39;49;00m[33m{[39;49;00mu0[33m}[39;49;00m[33m, u1=[39;49;00m[33m{[39;49;00mu1[33m}[39;49;00m[33m: [39;49;00m[33m{[39;49;00merreur[33m:[39;49;00m[33m.2e[39;49;00m[33m}[39;49;00m[33m"[39;49;00m[90m[39;49;00m
[1m[31mE   AssertionError: u0=-1e-06, u1=1e-06: 3.69e-08[0m
[1m[31mE   assert 3.6923076923076895e-08 <= 1e-14[0m
[31m[1m____ TestVolumesFinis1DCorrige.test_conditions_limites_variees[0.0-1000.0] ____[0m
[1m[31mtest_vf_1d_pytest.py[0m:272: in test_conditions_limites_variees
    [0m[94massert[39;49;00m erreur <= tolerance, [33mf[39;49;00m[33m"[39;49;00m[33mu0=[39;49;00m[33m{[39;49;00mu0[33m}[39;49;00m[33m, u1=[39;49;00m[33m{[39;49;00mu1[33m}[39;49;00m[33m: [39;49;00m[33m{[39;49;00merreur[33m:[39;49;00m[33m.2e[39;49;00m[33m}[39;49;00m[33m"[39;49;00m[90m[39;49;00m
[1m[31mE   AssertionError: u0=0.0, u1=1000.0: 1.85e+01[0m
[1m[31mE   assert 18.46153846153868 <= 1e-11[0m
[31m[1m____________ TestVolumesFinis1DCorrige.test_robustesse_valeurs_nan ____________[0m
[1m[31mtest_vf_1d_pytest.py[0m:292: in test_robustesse_valeurs_nan
    [0m[94mwith[39;49;00m pytest.raises(([96mRuntimeError[39;49;00m, [96mValueError[39;49;00m)):[90m[39;49;00m
[1m[31mE   Failed: DID NOT RAISE (<class 'RuntimeError'>, <class 'ValueError'>)[0m
[31m[1m____ TestVolumesFinis1DCorrige.test_convergence_ordre_theorique[cas_test0] ____[0m
[1m[31mtest_vf_1d_pytest.py[0m:324: in test_convergence_ordre_theorique
    [0m[94massert[39;49;00m [94m1.5[39;49;00m <= ordre_moyen <= [94m2.5[39;49;00m, [33mf[39;49;00m[33m"[39;49;00m[33mOrdre [39;49;00m[33m{[39;49;00mordre_moyen[33m:[39;49;00m[33m.2f[39;49;00m[33m}[39;49;00m[33m hors limites pour [39;49;00m[33m{[39;49;00mnom[33m}[39;49;00m[33m"[39;49;00m[90m[39;49;00m
[1m[31mE   AssertionError: Ordre 1.02 hors limites pour sin[0m
[1m[31mE   assert 1.5 <= 1.0230792807905549[0m
[31m[1m____ TestVolumesFinis1DCorrige.test_convergence_ordre_theorique[cas_test1] ____[0m
[1m[31mtest_vf_1d_pytest.py[0m:324: in test_convergence_ordre_theorique
    [0m[94massert[39;49;00m [94m1.5[39;49;00m <= ordre_moyen <= [94m2.5[39;49;00m, [33mf[39;49;00m[33m"[39;49;00m[33mOrdre [39;49;00m[33m{[39;49;00mordre_moyen[33m:[39;49;00m[33m.2f[39;49;00m[33m}[39;49;00m[33m hors limites pour [39;49;00m[33m{[39;49;00mnom[33m}[39;49;00m[33m"[39;49;00m[90m[39;49;00m
[1m[31mE   AssertionError: Ordre 0.98 hors limites pour x3[0m
[1m[31mE   assert 1.5 <= 0.9809435408562721[0m
[31m[1m____ TestVolumesFinis1DCorrige.test_convergence_ordre_theorique[cas_test2] ____[0m
[1m[31mtest_vf_1d_pytest.py[0m:324: in test_convergence_ordre_theorique
    [0m[94massert[39;49;00m [94m1.5[39;49;00m <= ordre_moyen <= [94m2.5[39;49;00m, [33mf[39;49;00m[33m"[39;49;00m[33mOrdre [39;49;00m[33m{[39;49;00mordre_moyen[33m:[39;49;00m[33m.2f[39;49;00m[33m}[39;49;00m[33m hors limites pour [39;49;00m[33m{[39;49;00mnom[33m}[39;49;00m[33m"[39;49;00m[90m[39;49;00m
[1m[31mE   AssertionError: Ordre 0.97 hors limites pour x2[0m
[1m[31mE   assert 1.5 <= 0.9716664024332333[0m
[31m[1m_____ TestVolumesFinis1DCorrige.test_combine_scenarios_realistes[config0] _____[0m
[1m[31mtest_vf_1d_pytest.py[0m:351: in test_combine_scenarios_realistes
    [0m[94massert[39;49;00m erreur <= tolerance, [33mf[39;49;00m[33m"[39;49;00m[33m{[39;49;00mnom[33m}[39;49;00m[33m: [39;49;00m[33m{[39;49;00merreur[33m:[39;49;00m[33m.2e[39;49;00m[33m}[39;49;00m[33m"[39;49;00m[90m[39;49;00m
[1m[31mE   AssertionError: standard: 3.17e-02[0m
[1m[31mE   assert 0.03174998423952746 <= 0.006493939402266828[0m
[31m[1m_____ TestVolumesFinis1DCorrige.test_combine_scenarios_realistes[config1] _____[0m
[1m[31mtest_vf_1d_pytest.py[0m:351: in test_combine_scenarios_realistes
    [0m[94massert[39;49;00m erreur <= tolerance, [33mf[39;49;00m[33m"[39;49;00m[33m{[39;49;00mnom[33m}[39;49;00m[33m: [39;49;00m[33m{[39;49;00merreur[33m:[39;49;00m[33m.2e[39;49;00m[33m}[39;49;00m[33m"[39;49;00m[90m[39;49;00m
[1m[31mE   AssertionError: haute_freq: 3.00e-02[0m
[1m[31mE   assert 0.030048057398622263 <= 0.01141512785554716[0m
[31m[1m_____ TestVolumesFinis1DCorrige.test_combine_scenarios_realistes[config2] _____[0m
[1m[31mtest_vf_1d_pytest.py[0m:351: in test_combine_scenarios_realistes
    [0m[94massert[39;49;00m erreur <= tolerance, [33mf[39;49;00m[33m"[39;49;00m[33m{[39;49;00mnom[33m}[39;49;00m[33m: [39;49;00m[33m{[39;49;00merreur[33m:[39;49;00m[33m.2e[39;49;00m[33m}[39;49;00m[33m"[39;49;00m[90m[39;49;00m
[1m[31mE   AssertionError: grande_amplitude: 2.64e+00[0m
[1m[31mE   assert 2.6411345679732534 <= 0.45096801404630754[0m
[31m[1m_____ TestVolumesFinis1DCorrige.test_combine_scenarios_realistes[config3] _____[0m
[1m[31mtest_vf_1d_pytest.py[0m:351: in test_combine_scenarios_realistes
    [0m[94massert[39;49;00m erreur <= tolerance, [33mf[39;49;00m[33m"[39;49;00m[33m{[39;49;00mnom[33m}[39;49;00m[33m: [39;49;00m[33m{[39;49;00merreur[33m:[39;49;00m[33m.2e[39;49;00m[33m}[39;49;00m[33m"[39;49;00m[90m[39;49;00m
[1m[31mE   AssertionError: conditions_complexes: 4.88e+00[0m
[1m[31mE   assert 4.879825040855491 <= 0.040587121264167685[0m
============================ slowest 10 durations =============================
0.07s call     test_vf_1d_pytest.py::TestVolumesFinis1DCorrige::test_combine_scenarios_realistes[config1]
0.04s call     test_vf_1d_pytest.py::TestVolumesFinis1DCorrige::test_convergence_ordre_theorique[cas_test0]
0.02s call     test_vf_1d_pytest.py::TestVolumesFinis1DCorrige::test_limite_maillage_tres_fin
0.01s call     test_vf_1d_pytest.py::TestVolumesFinis1DCorrige::test_convergence_ordre_theorique[cas_test2]
0.01s call     test_vf_1d_pytest.py::TestVolumesFinis1DCorrige::test_base_fonction_sinusoidale[80]
0.01s call     test_vf_1d_pytest.py::TestVolumesFinis1DCorrige::test_convergence_ordre_theorique[cas_test1]
0.01s call     test_vf_1d_pytest.py::TestVolumesFinis1DCorrige::test_base_fonction_cubique[60]
0.01s call     test_vf_1d_pytest.py::TestVolumesFinis1DCorrige::test_combine_scenarios_realistes[config2]
0.01s call     test_vf_1d_pytest.py::TestVolumesFinis1DCorrige::test_base_fonction_cubique[120]

(1 durations < 0.005s hidden.  Use -vv to show these durations.)
[36m[1m=========================== short test summary info ===========================[0m
[31mFAILED[0m test_vf_1d_pytest.py::[1mTestVolumesFinis1DCorrige::test_base_fonction_sinusoidale[10][0m - AssertionError: N=10: 1.66e-01 > 1.62e-01
[31mFAILED[0m test_vf_1d_pytest.py::[1mTestVolumesFinis1DCorrige::test_base_fonction_sinusoidale[20][0m - AssertionError: N=20: 8.07e-02 > 4.06e-02
[31mFAILED[0m test_vf_1d_pytest.py::[1mTestVolumesFinis1DCorrige::test_base_fonction_sinusoidale[40][0m - AssertionError: N=40: 3.98e-02 > 1.01e-02
[31mFAILED[0m test_vf_1d_pytest.py::[1mTestVolumesFinis1DCorrige::test_base_fonction_sinusoidale[80][0m - AssertionError: N=80: 1.98e-02 > 2.54e-03
[31mFAILED[0m test_vf_1d_pytest.py::[1mTestVolumesFinis1DCorrige::test_base_fonction_cubique[15][0m - AssertionError: N=15: 9.69e-02 > 7.41e-04
[31mFAILED[0m test_vf_1d_pytest.py::[1mTestVolumesFinis1DCorrige::test_base_fonction_cubique[30][0m - AssertionError: N=30: 4.92e-02 > 1.85e-04
[31mFAILED[0m test_vf_1d_pytest.py::[1mTestVolumesFinis1DCorrige::test_base_fonction_cubique[60][0m - AssertionError: N=60: 2.48e-02 > 4.63e-05
[31mFAILED[0m test_vf_1d_pytest.py::[1mTestVolumesFinis1DCorrige::test_base_fonction_cubique[120][0m - AssertionError: N=120: 1.24e-02 > 1.16e-05
[31mFAILED[0m test_vf_1d_pytest.py::[1mTestVolumesFinis1DCorrige::test_base_fonction_quadratique[0m - AssertionError: x¬≤ mal r√©solu: 1.97e-02
[31mFAILED[0m test_vf_1d_pytest.py::[1mTestVolumesFinis1DCorrige::test_limite_maillages_grossiers[10][0m - AssertionError: N=10 instable: 1.66e-01
[31mFAILED[0m test_vf_1d_pytest.py::[1mTestVolumesFinis1DCorrige::test_limite_maillages_grossiers[20][0m - AssertionError: N=20 instable: 8.07e-02
[31mFAILED[0m test_vf_1d_pytest.py::[1mTestVolumesFinis1DCorrige::test_limite_maillage_tres_fin[0m - AssertionError: N=500 instable: 3.14e-03
[31mFAILED[0m test_vf_1d_pytest.py::[1mTestVolumesFinis1DCorrige::test_fonction_nulle[0m - AssertionError: Fonction nulle: 4.52e-02
[31mFAILED[0m test_vf_1d_pytest.py::[1mTestVolumesFinis1DCorrige::test_fonction_constante[0m - AssertionError: Fonction constante: 2.53e-02
[31mFAILED[0m test_vf_1d_pytest.py::[1mTestVolumesFinis1DCorrige::test_fonction_lineaire_corrigee[0m - AssertionError: Fonction lin√©aire: 5.06e-02
[31mFAILED[0m test_vf_1d_pytest.py::[1mTestVolumesFinis1DCorrige::test_fonction_oscillante[2][0m - AssertionError: Freq 2: 5.07e-02
[31mFAILED[0m test_vf_1d_pytest.py::[1mTestVolumesFinis1DCorrige::test_fonction_oscillante[3][0m - AssertionError: Freq 3: 8.07e-02
[31mFAILED[0m test_vf_1d_pytest.py::[1mTestVolumesFinis1DCorrige::test_fonction_oscillante[4][0m - AssertionError: Freq 4: 1.02e-01
[31mFAILED[0m test_vf_1d_pytest.py::[1mTestVolumesFinis1DCorrige::test_conditions_limites_variees[1.0-2.0][0m - AssertionError: u0=1.0, u1=2.0: 1.85e-02
[31mFAILED[0m test_vf_1d_pytest.py::[1mTestVolumesFinis1DCorrige::test_conditions_limites_variees[-5.0--10.0][0m - AssertionError: u0=-5.0, u1=-10.0: 9.23e-02
[31mFAILED[0m test_vf_1d_pytest.py::[1mTestVolumesFinis1DCorrige::test_conditions_limites_variees[1000.0-2000.0][0m - AssertionError: u0=1000.0, u1=2000.0: 1.85e+01
[31mFAILED[0m test_vf_1d_pytest.py::[1mTestVolumesFinis1DCorrige::test_conditions_limites_variees[-1e-06-1e-06][0m - AssertionError: u0=-1e-06, u1=1e-06: 3.69e-08
[31mFAILED[0m test_vf_1d_pytest.py::[1mTestVolumesFinis1DCorrige::test_conditions_limites_variees[0.0-1000.0][0m - AssertionError: u0=0.0, u1=1000.0: 1.85e+01
[31mFAILED[0m test_vf_1d_pytest.py::[1mTestVolumesFinis1DCorrige::test_robustesse_valeurs_nan[0m - Failed: DID NOT RAISE (<class 'RuntimeError'>, <class 'ValueError'>)
[31mFAILED[0m test_vf_1d_pytest.py::[1mTestVolumesFinis1DCorrige::test_convergence_ordre_theorique[cas_test0][0m - AssertionError: Ordre 1.02 hors limites pour sin
[31mFAILED[0m test_vf_1d_pytest.py::[1mTestVolumesFinis1DCorrige::test_convergence_ordre_theorique[cas_test1][0m - AssertionError: Ordre 0.98 hors limites pour x3
[31mFAILED[0m test_vf_1d_pytest.py::[1mTestVolumesFinis1DCorrige::test_convergence_ordre_theorique[cas_test2][0m - AssertionError: Ordre 0.97 hors limites pour x2
[31mFAILED[0m test_vf_1d_pytest.py::[1mTestVolumesFinis1DCorrige::test_combine_scenarios_realistes[config0][0m - AssertionError: standard: 3.17e-02
[31mFAILED[0m test_vf_1d_pytest.py::[1mTestVolumesFinis1DCorrige::test_combine_scenarios_realistes[config1][0m - AssertionError: haute_freq: 3.00e-02
[31mFAILED[0m test_vf_1d_pytest.py::[1mTestVolumesFinis1DCorrige::test_combine_scenarios_realistes[config2][0m - AssertionError: grande_amplitude: 2.64e+00
[31mFAILED[0m test_vf_1d_pytest.py::[1mTestVolumesFinis1DCorrige::test_combine_scenarios_realistes[config3][0m - AssertionError: conditions_complexes: 4.88e+00
[31m======================== [31m[1m31 failed[0m, [32m7 passed[0m[31m in 1.16s[0m[31m =========================[0m


SORTIE D'ERREUR:
----------------------------------------


ANALYSE DES R√âSULTATS:
----------------------------------------
‚ùå CERTAINS TESTS ONT √âCHOU√â
Temps d'ex√©cution: 1.89s
Tests r√©ussis: 0
Tests √©chou√©s: 31
Tests en erreur: 0
Total: 31
